1597317144316	mozrunner::runner	INFO	Running command: "/usr/bin/firefox" "-marionette" "-foreground" "-no-remote" "-profile" "/tmp/rust_mozprofile.tut4VSa9nyzY"
console.error: SearchCache: "_readCacheFile: Error reading cache file:" (new Error("", "(unknown module)"))
JavaScript error: resource://gre/modules/TelemetryUtils.jsm, line 159: TypeError: date is undefined
1597317147089	Marionette	INFO	Listening on port 39995
1597317147124	Marionette	WARN	TLS certificate errors will be ignored for this session
JavaScript error: https://stackpath.bootstrapcdn.com/bootstrap/4.2.1/js/bootstrap.min.js, line 6: TypeError: g is undefined
1597317300612	mozrunner::runner	INFO	Running command: "/usr/bin/firefox" "-marionette" "-foreground" "-no-remote" "-profile" "/tmp/rust_mozprofile.gu7VLQXHTpss"
console.error: SearchCache: "_readCacheFile: Error reading cache file:" (new Error("", "(unknown module)"))
JavaScript error: resource://gre/modules/TelemetryUtils.jsm, line 159: TypeError: date is undefined
console.warn: services.settings: main/fxmonitor-breaches sync interrupted by shutdown
console.error: Region.jsm: "Error fetching region" (new TypeError("NetworkError when attempting to fetch resource.", "resource://gre/modules/Region.jsm", 619))
console.error: Region.jsm: "Failed to fetch region" (new Error("NO_RESULT", "resource://gre/modules/Region.jsm", 343))
1597317305670	Marionette	INFO	Stopped listening on port 39995
1597317311666	mozrunner::runner	INFO	Running command: "/usr/bin/firefox" "-marionette" "-foreground" "-no-remote" "-profile" "/tmp/rust_mozprofile.Av44LJ1ZnXj9"
console.error: SearchCache: "_readCacheFile: Error reading cache file:" (new Error("", "(unknown module)"))
JavaScript error: resource://gre/modules/TelemetryUtils.jsm, line 159: TypeError: date is undefined
1597317314623	Marionette	INFO	Listening on port 40735
1597317314677	Marionette	WARN	TLS certificate errors will be ignored for this session
JavaScript error: https://stackpath.bootstrapcdn.com/bootstrap/4.2.1/js/bootstrap.min.js, line 6: TypeError: g is undefined
1597317387959	Marionette	INFO	Stopped listening on port 40735
1597317391818	mozrunner::runner	INFO	Running command: "/usr/bin/firefox" "-marionette" "-foreground" "-no-remote" "-profile" "/tmp/rust_mozprofile.xJkM6ksyF7Vx"
console.error: SearchCache: "_readCacheFile: Error reading cache file:" (new Error("", "(unknown module)"))
JavaScript error: resource://gre/modules/TelemetryUtils.jsm, line 159: TypeError: date is undefined
1597317394603	Marionette	INFO	Listening on port 44103
1597317394627	Marionette	WARN	TLS certificate errors will be ignored for this session
JavaScript error: https://stackpath.bootstrapcdn.com/bootstrap/4.2.1/js/bootstrap.min.js, line 6: TypeError: g is undefined
JavaScript error: https://static.zdassets.com/web_widget/latest/preload.919382d53d0d2605f11d.js, line 1: Error: Loading chunk web_widget failed.
(error: https://static.zdassets.com/web_widget/latest/web_widget.a6c79395669518c33e5c.chunk.js)
IPDL protocol error: Handler returned error code!

###!!! [Parent][DispatchAsyncMessage] Error: PLayerTransaction::Msg_ReleaseLayer Processing error: message was deserialized, but the handler returned false (indicating failure)

1597317534645	Marionette	INFO	Stopped listening on port 44103
1597317711017	mozrunner::runner	INFO	Running command: "/usr/bin/firefox" "-marionette" "-foreground" "-no-remote" "-profile" "/tmp/rust_mozprofile.x6Hso8dfU3Y6"
console.error: SearchCache: "_readCacheFile: Error reading cache file:" (new Error("", "(unknown module)"))
JavaScript error: resource://gre/modules/TelemetryUtils.jsm, line 159: TypeError: date is undefined
1597317713794	Marionette	INFO	Listening on port 37757
1597317713853	Marionette	WARN	TLS certificate errors will be ignored for this session
JavaScript error: https://stackpath.bootstrapcdn.com/bootstrap/4.2.1/js/bootstrap.min.js, line 6: TypeError: g is undefined
1597317744953	Marionette	WARN	TimedPromise timed out after 500 ms: stacktrace:
TimedPromise/<@chrome://marionette/content/sync.js:245:13
TimedPromise@chrome://marionette/content/sync.js:230:10
interaction.flushEventLoop@chrome://marionette/content/interaction.js:416:10
webdriverClickElement@chrome://marionette/content/interaction.js:182:31
1597317774419	Marionette	INFO	Stopped listening on port 37757
1597317775106	mozrunner::runner	INFO	Running command: "/usr/bin/firefox" "-marionette" "-foreground" "-no-remote" "-profile" "/tmp/rust_mozprofile.nq22bQ04h06j"
console.error: SearchCache: "_readCacheFile: Error reading cache file:" (new Error("", "(unknown module)"))
JavaScript error: resource://gre/modules/TelemetryUtils.jsm, line 159: TypeError: date is undefined
1597317777787	Marionette	INFO	Listening on port 39867
1597317777821	Marionette	WARN	TLS certificate errors will be ignored for this session
JavaScript error: https://stackpath.bootstrapcdn.com/bootstrap/4.2.1/js/bootstrap.min.js, line 6: TypeError: g is undefined
IPDL protocol error: Handler returned error code!

###!!! [Parent][DispatchAsyncMessage] Error: PLayerTransaction::Msg_ReleaseLayer Processing error: message was deserialized, but the handler returned false (indicating failure)

1597318757136	Marionette	INFO	Stopped listening on port 39867
1597318762881	mozrunner::runner	INFO	Running command: "/usr/bin/firefox" "-marionette" "-foreground" "-no-remote" "-profile" "/tmp/rust_mozprofile.btMrLrl9ofDO"
console.error: SearchCache: "_readCacheFile: Error reading cache file:" (new Error("", "(unknown module)"))
JavaScript error: resource://gre/modules/TelemetryUtils.jsm, line 159: TypeError: date is undefined
1597318765589	Marionette	INFO	Listening on port 43201
1597318765599	Marionette	WARN	TLS certificate errors will be ignored for this session
JavaScript error: https://stackpath.bootstrapcdn.com/bootstrap/4.2.1/js/bootstrap.min.js, line 6: TypeError: g is undefined
IPDL protocol error: Handler returned error code!

###!!! [Parent][DispatchAsyncMessage] Error: PLayerTransaction::Msg_ReleaseLayer Processing error: message was deserialized, but the handler returned false (indicating failure)

1597319030121	Marionette	INFO	Stopped listening on port 43201
1597319035201	mozrunner::runner	INFO	Running command: "/usr/bin/firefox" "-marionette" "-foreground" "-no-remote" "-profile" "/tmp/rust_mozprofile.v5kimpyePrwl"
console.error: SearchCache: "_readCacheFile: Error reading cache file:" (new Error("", "(unknown module)"))
JavaScript error: resource://gre/modules/TelemetryUtils.jsm, line 159: TypeError: date is undefined
1597319037836	Marionette	INFO	Listening on port 41247
1597319037909	Marionette	WARN	TLS certificate errors will be ignored for this session
JavaScript error: https://stackpath.bootstrapcdn.com/bootstrap/4.2.1/js/bootstrap.min.js, line 6: TypeError: g is undefined
1597319317373	Marionette	INFO	Stopped listening on port 41247
1597319339322	mozrunner::runner	INFO	Running command: "/usr/bin/firefox" "-marionette" "-foreground" "-no-remote" "-profile" "/tmp/rust_mozprofile.nEDFiwDwicGt"
console.error: SearchCache: "_readCacheFile: Error reading cache file:" (new Error("", "(unknown module)"))
JavaScript error: resource://gre/modules/TelemetryUtils.jsm, line 159: TypeError: date is undefined
1597319341999	Marionette	INFO	Listening on port 43803
1597319342041	Marionette	WARN	TLS certificate errors will be ignored for this session
JavaScript error: https://stackpath.bootstrapcdn.com/bootstrap/4.2.1/js/bootstrap.min.js, line 6: TypeError: g is undefined
1597319371296	Marionette	WARN	TimedPromise timed out after 500 ms: stacktrace:
TimedPromise/<@chrome://marionette/content/sync.js:245:13
TimedPromise@chrome://marionette/content/sync.js:230:10
interaction.flushEventLoop@chrome://marionette/content/interaction.js:416:10
webdriverClickElement@chrome://marionette/content/interaction.js:182:31
1597319389427	Marionette	INFO	Stopped listening on port 43803
1597319393037	mozrunner::runner	INFO	Running command: "/usr/bin/firefox" "-marionette" "-foreground" "-no-remote" "-profile" "/tmp/rust_mozprofile.kIvbC400E0JV"
console.error: SearchCache: "_readCacheFile: Error reading cache file:" (new Error("", "(unknown module)"))
JavaScript error: resource://gre/modules/TelemetryUtils.jsm, line 159: TypeError: date is undefined
1597319395770	Marionette	INFO	Listening on port 34659
1597319395846	Marionette	WARN	TLS certificate errors will be ignored for this session
JavaScript error: https://stackpath.bootstrapcdn.com/bootstrap/4.2.1/js/bootstrap.min.js, line 6: TypeError: g is undefined
1597319537299	Marionette	INFO	Stopped listening on port 34659
1597319539773	mozrunner::runner	INFO	Running command: "/usr/bin/firefox" "-marionette" "-foreground" "-no-remote" "-profile" "/tmp/rust_mozprofile.d9gQx9lDUlZh"
console.error: SearchCache: "_readCacheFile: Error reading cache file:" (new Error("", "(unknown module)"))
JavaScript error: resource://gre/modules/TelemetryUtils.jsm, line 159: TypeError: date is undefined
1597319542415	Marionette	INFO	Listening on port 40729
1597319542482	Marionette	WARN	TLS certificate errors will be ignored for this session
JavaScript error: https://stackpath.bootstrapcdn.com/bootstrap/4.2.1/js/bootstrap.min.js, line 6: TypeError: g is undefined
JavaScript error: https://static.zdassets.com/web_widget/latest/preload.919382d53d0d2605f11d.js, line 1: Error: Loading chunk vendors~web_widget failed.
(error: https://static.zdassets.com/web_widget/latest/vendors~web_widget.0aaa54df4f6f357d55ad.chunk.js)
1597319674729	Marionette	INFO	Stopped listening on port 40729
1597386653223	mozrunner::runner	INFO	Running command: "/usr/bin/firefox" "-marionette" "-foreground" "-no-remote" "-profile" "/tmp/rust_mozprofile.IEuVbMPKtjWq"
console.error: SearchCache: "_readCacheFile: Error reading cache file:" (new Error("", "(unknown module)"))
JavaScript error: resource://gre/modules/TelemetryUtils.jsm, line 159: TypeError: date is undefined
1597386655944	Marionette	INFO	Listening on port 35151
1597386656044	Marionette	WARN	TLS certificate errors will be ignored for this session
JavaScript error: https://stackpath.bootstrapcdn.com/bootstrap/4.2.1/js/bootstrap.min.js, line 6: TypeError: g is undefined
Exiting due to channel error.
Exiting due to channel error.
Exiting due to channel error.
1597386735267	mozrunner::runner	INFO	Running command: "/usr/bin/firefox" "-marionette" "-foreground" "-no-remote" "-profile" "/tmp/rust_mozprofile.KyZofho9nBgS"
console.error: SearchCache: "_readCacheFile: Error reading cache file:" (new Error("", "(unknown module)"))
JavaScript error: resource://gre/modules/TelemetryUtils.jsm, line 159: TypeError: date is undefined
1597386738043	Marionette	INFO	Listening on port 35369
1597386738079	Marionette	WARN	TLS certificate errors will be ignored for this session
JavaScript error: https://stackpath.bootstrapcdn.com/bootstrap/4.2.1/js/bootstrap.min.js, line 6: TypeError: g is undefined
JavaScript error: https://static.zdassets.com/web_widget/latest/preload.919382d53d0d2605f11d.js, line 1: Error: Loading chunk vendors~web_widget failed.
(error: https://static.zdassets.com/web_widget/latest/vendors~web_widget.0aaa54df4f6f357d55ad.chunk.js)
Exiting due to channel error.
Exiting due to channel error.
Exiting due to channel error.
1597387012978	mozrunner::runner	INFO	Running command: "/usr/bin/firefox" "-marionette" "-foreground" "-no-remote" "-profile" "/tmp/rust_mozprofile.OQIxIL4zxrzp"
console.error: SearchCache: "_readCacheFile: Error reading cache file:" (new Error("", "(unknown module)"))
JavaScript error: resource://gre/modules/TelemetryUtils.jsm, line 159: TypeError: date is undefined
1597387015821	Marionette	INFO	Listening on port 37267
1597387015888	Marionette	WARN	TLS certificate errors will be ignored for this session
JavaScript error: https://stackpath.bootstrapcdn.com/bootstrap/4.2.1/js/bootstrap.min.js, line 6: TypeError: g is undefined
Exiting due to channel error.
Exiting due to channel error.
Exiting due to channel error.
1597387160144	mozrunner::runner	INFO	Running command: "/usr/bin/firefox" "-marionette" "-foreground" "-no-remote" "-profile" "/tmp/rust_mozprofile.4x6QPuga3xdj"
console.error: SearchCache: "_readCacheFile: Error reading cache file:" (new Error("", "(unknown module)"))
JavaScript error: resource://gre/modules/TelemetryUtils.jsm, line 159: TypeError: date is undefined
1597387162920	Marionette	INFO	Listening on port 41807
1597387162954	Marionette	WARN	TLS certificate errors will be ignored for this session
JavaScript error: https://stackpath.bootstrapcdn.com/bootstrap/4.2.1/js/bootstrap.min.js, line 6: TypeError: g is undefined
JavaScript error: https://static.zdassets.com/web_widget/latest/preload.919382d53d0d2605f11d.js, line 1: Error: Loading chunk web_widget failed.
(error: https://static.zdassets.com/web_widget/latest/web_widget.a6c79395669518c33e5c.chunk.js)
Exiting due to channel error.
Exiting due to channel error.
Exiting due to channel error.
1597387262442	mozrunner::runner	INFO	Running command: "/usr/bin/firefox" "-marionette" "-foreground" "-no-remote" "-profile" "/tmp/rust_mozprofile.3IuVj6Nhm5Sa"
console.error: SearchCache: "_readCacheFile: Error reading cache file:" (new Error("", "(unknown module)"))
JavaScript error: resource://gre/modules/TelemetryUtils.jsm, line 159: TypeError: date is undefined
1597387265203	Marionette	INFO	Listening on port 42253
1597387265262	Marionette	WARN	TLS certificate errors will be ignored for this session
JavaScript error: https://stackpath.bootstrapcdn.com/bootstrap/4.2.1/js/bootstrap.min.js, line 6: TypeError: g is undefined
Exiting due to channel error.
Exiting due to channel error.
Exiting due to channel error.
1597387370195	mozrunner::runner	INFO	Running command: "/usr/bin/firefox" "-marionette" "-foreground" "-no-remote" "-profile" "/tmp/rust_mozprofile.HLVHBBWybpcX"
console.error: SearchCache: "_readCacheFile: Error reading cache file:" (new Error("", "(unknown module)"))
JavaScript error: resource://gre/modules/TelemetryUtils.jsm, line 159: TypeError: date is undefined
1597387372987	Marionette	INFO	Listening on port 46071
1597387373005	Marionette	WARN	TLS certificate errors will be ignored for this session
1597387377581	Marionette	INFO	Stopped listening on port 46071
1597387401934	mozrunner::runner	INFO	Running command: "/usr/bin/firefox" "-marionette" "-foreground" "-no-remote" "-profile" "/tmp/rust_mozprofile.pjrf2XBbVwjM"
console.error: SearchCache: "_readCacheFile: Error reading cache file:" (new Error("", "(unknown module)"))
JavaScript error: resource://gre/modules/TelemetryUtils.jsm, line 159: TypeError: date is undefined
1597387404783	Marionette	INFO	Listening on port 43139
1597387404841	Marionette	WARN	TLS certificate errors will be ignored for this session
1597387407929	Marionette	INFO	Stopped listening on port 43139
1597387530344	mozrunner::runner	INFO	Running command: "/usr/bin/firefox" "-marionette" "-foreground" "-no-remote" "-profile" "/tmp/rust_mozprofile.HwoAhUOHFG1V"
console.error: SearchCache: "_readCacheFile: Error reading cache file:" (new Error("", "(unknown module)"))
JavaScript error: resource://gre/modules/TelemetryUtils.jsm, line 159: TypeError: date is undefined
1597387533216	Marionette	INFO	Listening on port 33521
1597387533263	Marionette	WARN	TLS certificate errors will be ignored for this session
JavaScript error: https://stackpath.bootstrapcdn.com/bootstrap/4.2.1/js/bootstrap.min.js, line 6: TypeError: g is undefined
1597387593805	mozrunner::runner	INFO	Running command: "/usr/bin/firefox" "-marionette" "-foreground" "-no-remote" "-profile" "/tmp/rust_mozprofile.zzocBy9C45LS"
console.error: SearchCache: "_readCacheFile: Error reading cache file:" (new Error("", "(unknown module)"))
JavaScript error: resource://gre/modules/TelemetryUtils.jsm, line 159: TypeError: date is undefined
1597387596546	Marionette	INFO	Listening on port 43171
1597387596624	Marionette	WARN	TLS certificate errors will be ignored for this session
JavaScript error: https://stackpath.bootstrapcdn.com/bootstrap/4.2.1/js/bootstrap.min.js, line 6: TypeError: g is undefined
Exiting due to channel error.
Exiting due to channel error.
Exiting due to channel error.
1597388162730	mozrunner::runner	INFO	Running command: "/usr/bin/firefox" "-marionette" "-foreground" "-no-remote" "-profile" "/tmp/rust_mozprofile.Mj2XYDY0YHMW"
console.error: SearchCache: "_readCacheFile: Error reading cache file:" (new Error("", "(unknown module)"))
JavaScript error: resource://gre/modules/TelemetryUtils.jsm, line 159: TypeError: date is undefined
1597388165532	Marionette	INFO	Listening on port 42641
1597388165540	Marionette	WARN	TLS certificate errors will be ignored for this session
JavaScript error: https://stackpath.bootstrapcdn.com/bootstrap/4.2.1/js/bootstrap.min.js, line 6: TypeError: g is undefined
Exiting due to channel error.
Exiting due to channel error.
Exiting due to channel error.
1597388182994	Marionette	INFO	Stopped listening on port 33521
1597388186881	mozrunner::runner	INFO	Running command: "/usr/bin/firefox" "-marionette" "-foreground" "-no-remote" "-profile" "/tmp/rust_mozprofile.KtKDkKMKnwGi"
console.error: SearchCache: "_readCacheFile: Error reading cache file:" (new Error("", "(unknown module)"))
JavaScript error: resource://gre/modules/TelemetryUtils.jsm, line 159: TypeError: date is undefined
1597388189580	Marionette	INFO	Listening on port 45511
1597388189593	Marionette	WARN	TLS certificate errors will be ignored for this session
JavaScript error: https://stackpath.bootstrapcdn.com/bootstrap/4.2.1/js/bootstrap.min.js, line 6: TypeError: g is undefined
Exiting due to channel error.
Exiting due to channel error.
Exiting due to channel error.
1597388628828	mozrunner::runner	INFO	Running command: "/usr/bin/firefox" "-marionette" "-foreground" "-no-remote" "-profile" "/tmp/rust_mozprofile.RXjUVD4z9UWs"
console.error: SearchCache: "_readCacheFile: Error reading cache file:" (new Error("", "(unknown module)"))
JavaScript error: resource://gre/modules/TelemetryUtils.jsm, line 159: TypeError: date is undefined
1597388631579	Marionette	INFO	Listening on port 45613
1597388631636	Marionette	WARN	TLS certificate errors will be ignored for this session
JavaScript error: https://stackpath.bootstrapcdn.com/bootstrap/4.2.1/js/bootstrap.min.js, line 6: TypeError: g is undefined
Exiting due to channel error.
Exiting due to channel error.
Exiting due to channel error.
1597388643107	mozrunner::runner	INFO	Running command: "/usr/bin/firefox" "-marionette" "-foreground" "-no-remote" "-profile" "/tmp/rust_mozprofile.NyXjs0wJgNgp"
console.error: SearchCache: "_readCacheFile: Error reading cache file:" (new Error("", "(unknown module)"))
JavaScript error: resource://gre/modules/TelemetryUtils.jsm, line 159: TypeError: date is undefined
1597388645999	Marionette	INFO	Listening on port 36297
1597388646017	Marionette	WARN	TLS certificate errors will be ignored for this session
JavaScript error: https://stackpath.bootstrapcdn.com/bootstrap/4.2.1/js/bootstrap.min.js, line 6: TypeError: g is undefined
JavaScript error: https://static.zdassets.com/web_widget/latest/preload.919382d53d0d2605f11d.js, line 1: Error: Loading chunk web_widget failed.
(error: https://static.zdassets.com/web_widget/latest/web_widget.a6c79395669518c33e5c.chunk.js)
Exiting due to channel error.
Exiting due to channel error.
Exiting due to channel error.
1597485244034	mozrunner::runner	INFO	Running command: "/usr/bin/firefox" "-marionette" "-foreground" "-no-remote" "-profile" "/tmp/rust_mozprofile.72gMuQcPDj52"
console.error: SearchCache: "_readCacheFile: Error reading cache file:" (new Error("", "(unknown module)"))
JavaScript error: resource://gre/modules/TelemetryUtils.jsm, line 159: TypeError: date is undefined
1597485246617	Marionette	INFO	Listening on port 43797
1597485246646	Marionette	WARN	TLS certificate errors will be ignored for this session
JavaScript error: https://stackpath.bootstrapcdn.com/bootstrap/4.2.1/js/bootstrap.min.js, line 6: TypeError: g is undefined
Exiting due to channel error.
Exiting due to channel error.
Exiting due to channel error.
1597684067984	mozrunner::runner	INFO	Running command: "/usr/bin/firefox" "-marionette" "-foreground" "-no-remote" "-profile" "/tmp/rust_mozprofile.NFFqz9kWvhrH"
console.error: SearchCache: "_readCacheFile: Error reading cache file:" (new Error("", "(unknown module)"))
JavaScript error: resource://gre/modules/TelemetryUtils.jsm, line 159: TypeError: date is undefined
1597684070639	Marionette	INFO	Listening on port 38493
1597684070703	Marionette	WARN	TLS certificate errors will be ignored for this session
JavaScript error: https://stackpath.bootstrapcdn.com/bootstrap/4.2.1/js/bootstrap.min.js, line 6: TypeError: g is undefined
JavaScript error: https://static.zdassets.com/web_widget/latest/preload.a200e4d661058f544598.js, line 1: Error: Loading chunk web_widget failed.
(error: https://static.zdassets.com/web_widget/latest/web_widget.4fe214b4a38c15800fd7.chunk.js)
1598603362528	geckodriver	INFO	Listening on 127.0.0.1:33463
1598603363537	mozrunner::runner	INFO	Running command: "/usr/bin/firefox" "--marionette" "-foreground" "-no-remote" "-profile" "/tmp/rust_mozprofileJLmhoh"
console.error: SearchCache: "_readCacheFile: Error reading cache file:" (new Error("", "(unknown module)"))
JavaScript error: resource://gre/modules/TelemetryUtils.jsm, line 159: TypeError: date is undefined
1598603369370	Marionette	INFO	Listening on port 37073
1598603369464	Marionette	WARN	TLS certificate errors will be ignored for this session
JavaScript error: https://stackpath.bootstrapcdn.com/bootstrap/4.2.1/js/bootstrap.min.js, line 6: TypeError: g is undefined
JavaScript error: https://static.zdassets.com/web_widget/latest/preload.1c8ba4eedb07b9300773.js, line 1: Error: Loading chunk vendors~web_widget failed.
(error: https://static.zdassets.com/web_widget/latest/vendors~web_widget.fbaa3b98f997b533cef2.chunk.js)
1598603496389	Marionette	INFO	Stopped listening on port 37073
IPDL protocol error: Handler returned error code!

###!!! [Parent][DispatchAsyncMessage] Error: PLayerTransaction::Msg_ReleaseLayer Processing error: message was deserialized, but the handler returned false (indicating failure)

